<?xml version="1.0" encoding="UTF-8"?>
<!-- Generated by org.testng.reporters.JUnitReportReporter -->
<testsuite skipped="0" hostname="AmitPachange" name="com.testpackage.LoginTest" tests="3" failures="0" timestamp="21 Feb 2020 14:43:11 GMT" time="45.941" errors="0">
  <testcase name="loginPageTitleTest" time="9.821" classname="com.testpackage.LoginTest"/>
  <testcase name="crmLogoTest" time="14.534" classname="com.testpackage.LoginTest"/>
  <testcase name="loginTest" time="21.586" classname="com.testpackage.LoginTest"/>
</testsuite> <!-- com.testpackage.LoginTest -->
