<?xml version="1.0" encoding="UTF-8"?>
<!-- Generated by org.testng.reporters.JUnitReportReporter -->
<testsuite skipped="0" hostname="AmitPachange" name="com.testpackage.HomePageTest" tests="3" failures="0" timestamp="21 Feb 2020 13:25:17 GMT" time="71.142" errors="0">
  <testcase name="crmLogoTest" time="24.064" classname="com.testpackage.HomePageTest"/>
  <testcase name="contactsLinkTest" time="21.965" classname="com.testpackage.HomePageTest"/>
  <testcase name="dealPageTest" time="25.113" classname="com.testpackage.HomePageTest"/>
</testsuite> <!-- com.testpackage.HomePageTest -->
